0 verbose cli E:\nodejs\node.exe C:\Users\khizg\AppData\Roaming\npm\node_modules\npm\bin\npm-cli.js
1 info using npm@10.9.2
2 info using node@v20.17.0
3 silly config load:file:C:\Users\khizg\AppData\Roaming\npm\node_modules\npm\npmrc
4 silly config load:file:E:\UKK\InfinityPlayground\.npmrc
5 silly config load:file:C:\Users\khizg\.npmrc
6 silly config load:file:C:\Users\khizg\AppData\Roaming\npm\etc\npmrc
7 verbose title npm start
8 verbose argv "start"
9 verbose logfile logs-max:10 dir:E:\UKK\InfinityPlayground\npm-cache\_logs\2025-01-11T23_39_16_956Z-
10 verbose logfile E:\UKK\InfinityPlayground\npm-cache\_logs\2025-01-11T23_39_16_956Z-debug-0.log
11 silly logfile done cleaning log files
12 verbose stack Error: Could not read package.json: Error: ENOENT: no such file or directory, open 'E:\UKK\InfinityPlayground\package.json'
12 verbose stack     at async open (node:internal/fs/promises:639:25)
12 verbose stack     at async readFile (node:internal/fs/promises:1242:14)
12 verbose stack     at async read (C:\Users\khizg\AppData\Roaming\npm\node_modules\npm\node_modules\@npmcli\package-json\lib\read-package.js:9:18)
12 verbose stack     at async PackageJson.load (C:\Users\khizg\AppData\Roaming\npm\node_modules\npm\node_modules\@npmcli\package-json\lib\index.js:131:31)
12 verbose stack     at async PackageJson.normalize (C:\Users\khizg\AppData\Roaming\npm\node_modules\npm\node_modules\@npmcli\package-json\lib\index.js:117:5)
12 verbose stack     at async #run (C:\Users\khizg\AppData\Roaming\npm\node_modules\npm\lib\commands\run-script.js:86:13)
12 verbose stack     at async RunScript.exec (C:\Users\khizg\AppData\Roaming\npm\node_modules\npm\lib\commands\run-script.js:40:7)
12 verbose stack     at async Npm.exec (C:\Users\khizg\AppData\Roaming\npm\node_modules\npm\lib\npm.js:207:9)
12 verbose stack     at async module.exports (C:\Users\khizg\AppData\Roaming\npm\node_modules\npm\lib\cli\entry.js:74:5)
13 error code ENOENT
14 error syscall open
15 error path E:\UKK\InfinityPlayground\package.json
16 error errno -4058
17 error enoent Could not read package.json: Error: ENOENT: no such file or directory, open 'E:\UKK\InfinityPlayground\package.json'
18 error enoent This is related to npm not being able to find a file.
18 error enoent
19 verbose cwd E:\UKK\InfinityPlayground
20 verbose os Windows_NT 10.0.22631
21 verbose node v20.17.0
22 verbose npm  v10.9.2
23 verbose exit -4058
24 verbose code -4058
25 error A complete log of this run can be found in: E:\UKK\InfinityPlayground\npm-cache\_logs\2025-01-11T23_39_16_956Z-debug-0.log
