0 verbose cli E:\nodejs\node.exe C:\Users\khizg\AppData\Roaming\npm\node_modules\npm\bin\npm-cli.js
1 info using npm@10.9.2
2 info using node@v20.17.0
3 silly config load:file:C:\Users\khizg\AppData\Roaming\npm\node_modules\npm\npmrc
4 silly config load:file:E:\UKK\InfinityPlayground\.npmrc
5 silly config load:file:C:\Users\khizg\.npmrc
6 silly config load:file:C:\Users\khizg\AppData\Roaming\npm\etc\npmrc
7 verbose title npm install firebase
8 verbose argv "install" "firebase"
9 verbose logfile logs-max:10 dir:E:\UKK\InfinityPlayground\npm-cache\_logs\2025-01-29T15_25_55_250Z-
10 verbose logfile E:\UKK\InfinityPlayground\npm-cache\_logs\2025-01-29T15_25_55_250Z-debug-0.log
11 silly logfile done cleaning log files
12 silly packumentCache heap:4345298944 maxSize:1086324736 maxEntrySize:543162368
13 silly idealTree buildDeps
14 silly fetch manifest firebase@*
15 silly packumentCache full:https://registry.npmjs.org/firebase cache-miss
16 http fetch GET 200 https://registry.npmjs.org/npm 598ms
17 http fetch GET 200 https://registry.npmjs.org/firebase 1518ms (cache miss)
18 silly packumentCache full:https://registry.npmjs.org/firebase set size:undefined disposed:false
19 silly placeDep ROOT firebase@11.2.0 OK for:  want: *
20 silly fetch manifest @firebase/app@0.10.18
21 silly packumentCache full:https://registry.npmjs.org/@firebase%2fapp cache-miss
22 silly fetch manifest @firebase/auth@1.8.2
23 silly packumentCache full:https://registry.npmjs.org/@firebase%2fauth cache-miss
24 silly fetch manifest @firebase/util@1.10.3
25 silly packumentCache full:https://registry.npmjs.org/@firebase%2futil cache-miss
26 silly fetch manifest @firebase/storage@0.13.5
27 silly packumentCache full:https://registry.npmjs.org/@firebase%2fstorage cache-miss
28 silly fetch manifest @firebase/database@1.0.11
29 silly packumentCache full:https://registry.npmjs.org/@firebase%2fdatabase cache-miss
30 silly fetch manifest @firebase/vertexai@1.0.3
31 silly packumentCache full:https://registry.npmjs.org/@firebase%2fvertexai cache-miss
32 silly fetch manifest @firebase/analytics@0.10.11
33 silly packumentCache full:https://registry.npmjs.org/@firebase%2fanalytics cache-miss
34 http fetch GET 200 https://registry.npmjs.org/@firebase%2fvertexai 2069ms (cache miss)
35 silly packumentCache full:https://registry.npmjs.org/@firebase%2fvertexai set size:undefined disposed:false
36 silly fetch manifest @firebase/app-check@0.8.11
37 silly packumentCache full:https://registry.npmjs.org/@firebase%2fapp-check cache-miss
38 http fetch GET 200 https://registry.npmjs.org/@firebase%2fapp 2182ms (cache miss)
39 silly packumentCache full:https://registry.npmjs.org/@firebase%2fapp set size:undefined disposed:false
40 silly fetch manifest @firebase/app-types@0.9.3
41 silly packumentCache full:https://registry.npmjs.org/@firebase%2fapp-types cache-miss
42 http fetch GET 200 https://registry.npmjs.org/@firebase%2fanalytics 4867ms (cache miss)
43 silly packumentCache full:https://registry.npmjs.org/@firebase%2fanalytics set size:undefined disposed:false
44 silly fetch manifest @firebase/firestore@4.7.6
45 silly packumentCache full:https://registry.npmjs.org/@firebase%2ffirestore cache-miss
46 http fetch GET 200 https://registry.npmjs.org/@firebase%2fstorage 5127ms (cache miss)
47 silly packumentCache full:https://registry.npmjs.org/@firebase%2fstorage set size:undefined disposed:false
48 silly fetch manifest @firebase/functions@0.12.1
49 silly packumentCache full:https://registry.npmjs.org/@firebase%2ffunctions cache-miss
50 http fetch GET 200 https://registry.npmjs.org/@firebase%2fapp-check 3254ms (cache miss)
51 silly packumentCache full:https://registry.npmjs.org/@firebase%2fapp-check set size:undefined disposed:false
52 silly fetch manifest @firebase/messaging@0.12.16
53 silly packumentCache full:https://registry.npmjs.org/@firebase%2fmessaging cache-miss
54 http fetch GET 200 https://registry.npmjs.org/@firebase%2futil 5480ms (cache miss)
55 silly packumentCache full:https://registry.npmjs.org/@firebase%2futil set size:undefined disposed:false
56 silly fetch manifest @firebase/app-compat@0.2.48
57 silly packumentCache full:https://registry.npmjs.org/@firebase%2fapp-compat cache-miss
58 http fetch GET 200 https://registry.npmjs.org/@firebase%2fapp-types 3395ms (cache miss)
59 silly packumentCache full:https://registry.npmjs.org/@firebase%2fapp-types set size:undefined disposed:false
60 silly fetch manifest @firebase/auth-compat@0.5.17
61 silly packumentCache full:https://registry.npmjs.org/@firebase%2fauth-compat cache-miss
62 http fetch GET 200 https://registry.npmjs.org/@firebase%2fauth 6004ms (cache miss)
63 silly packumentCache full:https://registry.npmjs.org/@firebase%2fauth set size:undefined disposed:false
64 silly fetch manifest @firebase/performance@0.6.12
65 silly packumentCache full:https://registry.npmjs.org/@firebase%2fperformance cache-miss
66 http fetch GET 200 https://registry.npmjs.org/@firebase%2fdatabase 6350ms (cache miss)
67 silly packumentCache full:https://registry.npmjs.org/@firebase%2fdatabase set size:undefined disposed:false
68 silly fetch manifest @firebase/data-connect@0.2.0
69 silly packumentCache full:https://registry.npmjs.org/@firebase%2fdata-connect cache-miss
70 http fetch GET 200 https://registry.npmjs.org/@firebase%2fdata-connect 296ms (cache miss)
71 silly packumentCache full:https://registry.npmjs.org/@firebase%2fdata-connect set size:undefined disposed:false
72 silly fetch manifest @firebase/installations@0.6.12
73 silly packumentCache full:https://registry.npmjs.org/@firebase%2finstallations cache-miss
74 http fetch GET 200 https://registry.npmjs.org/@firebase%2ffirestore 1893ms (cache miss)
75 silly packumentCache full:https://registry.npmjs.org/@firebase%2ffirestore set size:undefined disposed:false
76 silly fetch manifest @firebase/remote-config@0.5.0
77 silly packumentCache full:https://registry.npmjs.org/@firebase%2fremote-config cache-miss
78 http fetch GET 200 https://registry.npmjs.org/@firebase%2ffunctions 2283ms (cache miss)
79 silly packumentCache full:https://registry.npmjs.org/@firebase%2ffunctions set size:undefined disposed:false
80 silly fetch manifest @firebase/storage-compat@0.3.15
81 silly packumentCache full:https://registry.npmjs.org/@firebase%2fstorage-compat cache-miss
82 http fetch GET 200 https://registry.npmjs.org/@firebase%2fapp-compat 2378ms (cache miss)
83 silly packumentCache full:https://registry.npmjs.org/@firebase%2fapp-compat set size:undefined disposed:false
84 silly fetch manifest @firebase/database-compat@2.0.2
85 silly packumentCache full:https://registry.npmjs.org/@firebase%2fdatabase-compat cache-miss
86 http fetch GET 200 https://registry.npmjs.org/@firebase%2fauth-compat 2356ms (cache miss)
87 silly packumentCache full:https://registry.npmjs.org/@firebase%2fauth-compat set size:undefined disposed:false
88 silly fetch manifest @firebase/analytics-compat@0.2.17
89 silly packumentCache full:https://registry.npmjs.org/@firebase%2fanalytics-compat cache-miss
90 http fetch GET 200 https://registry.npmjs.org/@firebase%2fperformance 2370ms (cache miss)
91 silly packumentCache full:https://registry.npmjs.org/@firebase%2fperformance set size:undefined disposed:false
92 silly fetch manifest @firebase/app-check-compat@0.3.18
93 silly packumentCache full:https://registry.npmjs.org/@firebase%2fapp-check-compat cache-miss
94 http fetch GET 200 https://registry.npmjs.org/@firebase%2fdatabase-compat 823ms (cache miss)
95 silly packumentCache full:https://registry.npmjs.org/@firebase%2fdatabase-compat set size:undefined disposed:false
96 silly fetch manifest @firebase/firestore-compat@0.3.41
97 silly packumentCache full:https://registry.npmjs.org/@firebase%2ffirestore-compat cache-miss
98 http fetch GET 200 https://registry.npmjs.org/@firebase%2fmessaging 3605ms (cache miss)
99 silly packumentCache full:https://registry.npmjs.org/@firebase%2fmessaging set size:undefined disposed:false
100 silly fetch manifest @firebase/functions-compat@0.3.18
101 silly packumentCache full:https://registry.npmjs.org/@firebase%2ffunctions-compat cache-miss
102 http fetch GET 200 https://registry.npmjs.org/@firebase%2fanalytics-compat 1143ms (cache miss)
103 silly packumentCache full:https://registry.npmjs.org/@firebase%2fanalytics-compat set size:undefined disposed:false
104 silly fetch manifest @firebase/messaging-compat@0.2.16
105 silly packumentCache full:https://registry.npmjs.org/@firebase%2fmessaging-compat cache-miss
106 http fetch GET 200 https://registry.npmjs.org/@firebase%2fstorage-compat 1938ms (cache miss)
107 silly packumentCache full:https://registry.npmjs.org/@firebase%2fstorage-compat set size:undefined disposed:false
108 silly fetch manifest @firebase/performance-compat@0.2.12
109 silly packumentCache full:https://registry.npmjs.org/@firebase%2fperformance-compat cache-miss
110 http fetch GET 200 https://registry.npmjs.org/@firebase%2ffirestore-compat 897ms (cache miss)
111 silly packumentCache full:https://registry.npmjs.org/@firebase%2ffirestore-compat set size:undefined disposed:false
112 silly fetch manifest @firebase/installations-compat@0.2.12
113 silly packumentCache full:https://registry.npmjs.org/@firebase%2finstallations-compat cache-miss
114 http fetch GET 200 https://registry.npmjs.org/@firebase%2finstallations 3117ms (cache miss)
115 silly packumentCache full:https://registry.npmjs.org/@firebase%2finstallations set size:undefined disposed:false
116 silly fetch manifest @firebase/remote-config-compat@0.2.12
117 silly packumentCache full:https://registry.npmjs.org/@firebase%2fremote-config-compat cache-miss
118 http fetch GET 200 https://registry.npmjs.org/@firebase%2fremote-config 2916ms (cache miss)
119 silly packumentCache full:https://registry.npmjs.org/@firebase%2fremote-config set size:undefined disposed:false
120 http fetch GET 200 https://registry.npmjs.org/@firebase%2fperformance-compat 798ms (cache miss)
121 silly packumentCache full:https://registry.npmjs.org/@firebase%2fperformance-compat set size:undefined disposed:false
122 http fetch GET 200 https://registry.npmjs.org/@firebase%2fapp-check-compat 2006ms (cache miss)
123 silly packumentCache full:https://registry.npmjs.org/@firebase%2fapp-check-compat set size:undefined disposed:false
124 http fetch GET 200 https://registry.npmjs.org/@firebase%2fremote-config-compat 821ms (cache miss)
125 silly packumentCache full:https://registry.npmjs.org/@firebase%2fremote-config-compat set size:undefined disposed:false
126 http fetch GET 200 https://registry.npmjs.org/@firebase%2ffunctions-compat 1952ms (cache miss)
127 silly packumentCache full:https://registry.npmjs.org/@firebase%2ffunctions-compat set size:undefined disposed:false
128 http fetch GET 200 https://registry.npmjs.org/@firebase%2fmessaging-compat 1848ms (cache miss)
129 silly packumentCache full:https://registry.npmjs.org/@firebase%2fmessaging-compat set size:undefined disposed:false
130 http fetch GET 200 https://registry.npmjs.org/@firebase%2finstallations-compat 1972ms (cache miss)
131 silly packumentCache full:https://registry.npmjs.org/@firebase%2finstallations-compat set size:undefined disposed:false
132 silly fetch manifest @react-native-async-storage/async-storage@^1.18.1
133 silly packumentCache full:https://registry.npmjs.org/@react-native-async-storage%2fasync-storage cache-miss
134 http fetch GET 200 https://registry.npmjs.org/@react-native-async-storage%2fasync-storage 286ms (cache miss)
135 silly packumentCache full:https://registry.npmjs.org/@react-native-async-storage%2fasync-storage set size:undefined disposed:false
136 silly fetch manifest react-native@^0.0.0-0 || >=0.60 <1.0
137 silly packumentCache full:https://registry.npmjs.org/react-native cache-miss
138 http fetch GET 200 https://registry.npmjs.org/react-native 576ms (cache miss)
139 silly packumentCache full:https://registry.npmjs.org/react-native set size:undefined disposed:false
140 silly fetch manifest @types/react@^18.2.6
141 silly packumentCache full:https://registry.npmjs.org/@types%2freact cache-miss
142 http fetch GET 200 https://registry.npmjs.org/@types%2freact 212ms (cache miss)
143 silly packumentCache full:https://registry.npmjs.org/@types%2freact set size:undefined disposed:false
144 silly fetch manifest react@^18.2.0
145 silly packumentCache full:https://registry.npmjs.org/react cache-miss
146 http fetch GET 200 https://registry.npmjs.org/react 476ms (cache miss)
147 silly packumentCache full:https://registry.npmjs.org/react set size:undefined disposed:false
148 silly placeDep ROOT @firebase/analytics@0.10.11 OK for: firebase@11.2.0 want: 0.10.11
149 silly placeDep ROOT @firebase/app@0.10.18 OK for: @firebase/analytics@0.10.11 want: 0.x
150 silly placeDep ROOT @firebase/analytics-compat@0.2.17 OK for: firebase@11.2.0 want: 0.2.17
151 silly placeDep ROOT @firebase/app-compat@0.2.48 OK for: @firebase/analytics-compat@0.2.17 want: 0.x
152 silly placeDep ROOT @firebase/app-check@0.8.11 OK for: firebase@11.2.0 want: 0.8.11
153 silly placeDep ROOT @firebase/app-check-compat@0.3.18 OK for: firebase@11.2.0 want: 0.3.18
154 silly placeDep ROOT @firebase/app-types@0.9.3 OK for: firebase@11.2.0 want: 0.9.3
155 silly placeDep ROOT @firebase/auth@1.8.2 OK for: firebase@11.2.0 want: 1.8.2
156 silly placeDep ROOT @firebase/auth-compat@0.5.17 OK for: firebase@11.2.0 want: 0.5.17
157 silly placeDep ROOT @firebase/data-connect@0.2.0 OK for: firebase@11.2.0 want: 0.2.0
158 silly placeDep ROOT @firebase/database@1.0.11 OK for: firebase@11.2.0 want: 1.0.11
159 silly placeDep ROOT @firebase/database-compat@2.0.2 OK for: firebase@11.2.0 want: 2.0.2
160 silly placeDep ROOT @firebase/firestore@4.7.6 OK for: firebase@11.2.0 want: 4.7.6
161 silly placeDep ROOT @firebase/firestore-compat@0.3.41 OK for: firebase@11.2.0 want: 0.3.41
162 silly placeDep ROOT @firebase/functions@0.12.1 OK for: firebase@11.2.0 want: 0.12.1
163 silly placeDep ROOT @firebase/functions-compat@0.3.18 OK for: firebase@11.2.0 want: 0.3.18
164 silly placeDep ROOT @firebase/installations@0.6.12 OK for: firebase@11.2.0 want: 0.6.12
165 silly placeDep ROOT @firebase/installations-compat@0.2.12 OK for: firebase@11.2.0 want: 0.2.12
166 silly placeDep ROOT @firebase/messaging@0.12.16 OK for: firebase@11.2.0 want: 0.12.16
167 silly placeDep ROOT @firebase/messaging-compat@0.2.16 OK for: firebase@11.2.0 want: 0.2.16
168 silly placeDep ROOT @firebase/performance@0.6.12 OK for: firebase@11.2.0 want: 0.6.12
169 silly placeDep ROOT @firebase/performance-compat@0.2.12 OK for: firebase@11.2.0 want: 0.2.12
170 silly placeDep ROOT @firebase/remote-config@0.5.0 OK for: firebase@11.2.0 want: 0.5.0
171 silly placeDep ROOT @firebase/remote-config-compat@0.2.12 OK for: firebase@11.2.0 want: 0.2.12
172 silly placeDep ROOT @firebase/storage@0.13.5 OK for: firebase@11.2.0 want: 0.13.5
173 silly placeDep ROOT @firebase/storage-compat@0.3.15 OK for: firebase@11.2.0 want: 0.3.15
174 silly placeDep ROOT @firebase/util@1.10.3 OK for: firebase@11.2.0 want: 1.10.3
175 silly placeDep ROOT @firebase/vertexai@1.0.3 OK for: firebase@11.2.0 want: 1.0.3
176 silly fetch manifest tslib@^2.1.0
177 silly packumentCache full:https://registry.npmjs.org/tslib cache-miss
178 silly fetch manifest @firebase/logger@0.4.4
179 silly packumentCache full:https://registry.npmjs.org/@firebase%2flogger cache-miss
180 silly fetch manifest @firebase/component@0.6.12
181 silly packumentCache full:https://registry.npmjs.org/@firebase%2fcomponent cache-miss
182 silly fetch manifest idb@7.1.1
183 silly packumentCache full:https://registry.npmjs.org/idb cache-miss
184 silly fetch manifest tslib@^2.1.0
185 silly packumentCache full:https://registry.npmjs.org/tslib cache-miss
186 silly fetch manifest @firebase/logger@0.4.4
187 silly packumentCache full:https://registry.npmjs.org/@firebase%2flogger cache-miss
188 silly fetch manifest @firebase/component@0.6.12
189 silly packumentCache full:https://registry.npmjs.org/@firebase%2fcomponent cache-miss
190 http fetch GET 200 https://registry.npmjs.org/tslib 86ms (cache miss)
191 silly packumentCache full:https://registry.npmjs.org/tslib set size:undefined disposed:false
192 silly fetch manifest @firebase/component@0.6.12
193 silly packumentCache full:https://registry.npmjs.org/@firebase%2fcomponent cache-miss
194 http fetch GET 200 https://registry.npmjs.org/idb 111ms (cache miss)
195 silly packumentCache full:https://registry.npmjs.org/idb set size:undefined disposed:false
196 silly fetch manifest @firebase/analytics-types@0.8.3
197 silly packumentCache full:https://registry.npmjs.org/@firebase%2fanalytics-types cache-miss
198 http fetch GET 200 https://registry.npmjs.org/tslib 152ms (cache miss)
199 silly packumentCache full:https://registry.npmjs.org/tslib set size:undefined disposed:false
200 silly fetch manifest @firebase/logger@0.4.4
201 silly packumentCache full:https://registry.npmjs.org/@firebase%2flogger cache-miss
202 http fetch GET 200 https://registry.npmjs.org/@firebase%2fcomponent 2945ms (cache miss)
203 silly packumentCache full:https://registry.npmjs.org/@firebase%2fcomponent set size:undefined disposed:false
204 silly fetch manifest @firebase/logger@0.4.4
205 silly packumentCache full:https://registry.npmjs.org/@firebase%2flogger cache-miss
206 http fetch GET 200 https://registry.npmjs.org/@firebase%2fanalytics-types 3121ms (cache miss)
207 silly packumentCache full:https://registry.npmjs.org/@firebase%2fanalytics-types set size:undefined disposed:false
208 silly fetch manifest @firebase/logger@0.4.4
209 silly packumentCache full:https://registry.npmjs.org/@firebase%2flogger cache-miss
210 http fetch GET 200 https://registry.npmjs.org/@firebase%2fcomponent 3331ms (cache miss)
211 silly packumentCache full:https://registry.npmjs.org/@firebase%2fcomponent set size:undefined disposed:false
212 silly fetch manifest @firebase/app-check-types@0.5.3
213 silly packumentCache full:https://registry.npmjs.org/@firebase%2fapp-check-types cache-miss
214 http fetch GET 200 https://registry.npmjs.org/@firebase%2fcomponent 3370ms (cache miss)
215 silly packumentCache full:https://registry.npmjs.org/@firebase%2fcomponent set size:undefined disposed:false
216 silly fetch manifest @firebase/logger@0.4.4
217 silly packumentCache full:https://registry.npmjs.org/@firebase%2flogger cache-miss
218 http fetch GET 200 https://registry.npmjs.org/@firebase%2flogger 3652ms (cache miss)
219 silly packumentCache full:https://registry.npmjs.org/@firebase%2flogger set size:undefined disposed:false
220 silly fetch manifest @firebase/auth-types@0.12.3
221 silly packumentCache full:https://registry.npmjs.org/@firebase%2fauth-types cache-miss
222 http fetch GET 200 https://registry.npmjs.org/@firebase%2flogger 3754ms (cache miss)
223 silly packumentCache full:https://registry.npmjs.org/@firebase%2flogger set size:undefined disposed:false
224 silly fetch manifest @firebase/auth-interop-types@0.2.4
225 silly packumentCache full:https://registry.npmjs.org/@firebase%2fauth-interop-types cache-miss
226 http fetch GET 200 https://registry.npmjs.org/@firebase%2flogger 4137ms (cache miss)
227 silly packumentCache full:https://registry.npmjs.org/@firebase%2flogger set size:undefined disposed:false
228 silly fetch manifest faye-websocket@0.11.4
229 silly packumentCache full:https://registry.npmjs.org/faye-websocket cache-miss
230 http fetch GET 200 https://registry.npmjs.org/faye-websocket 266ms (cache miss)
231 silly packumentCache full:https://registry.npmjs.org/faye-websocket set size:undefined disposed:false
232 silly fetch manifest @firebase/auth-interop-types@0.2.4
233 silly packumentCache full:https://registry.npmjs.org/@firebase%2fauth-interop-types cache-miss
234 http fetch GET 200 https://registry.npmjs.org/@firebase%2fapp-check-types 1440ms (cache miss)
235 silly packumentCache full:https://registry.npmjs.org/@firebase%2fapp-check-types set size:undefined disposed:false
236 silly fetch manifest @firebase/app-check-interop-types@0.3.3
237 silly packumentCache full:https://registry.npmjs.org/@firebase%2fapp-check-interop-types cache-miss
238 http fetch GET 200 https://registry.npmjs.org/@firebase%2flogger 2098ms (cache miss)
239 silly packumentCache full:https://registry.npmjs.org/@firebase%2flogger set size:undefined disposed:false
240 silly fetch manifest @firebase/database-types@1.0.8
241 silly packumentCache full:https://registry.npmjs.org/@firebase%2fdatabase-types cache-miss
242 http fetch GET 200 https://registry.npmjs.org/@firebase%2fauth-interop-types 1785ms (cache miss)
243 silly packumentCache full:https://registry.npmjs.org/@firebase%2fauth-interop-types set size:undefined disposed:false
244 silly fetch manifest @grpc/grpc-js@~1.9.0
245 silly packumentCache full:https://registry.npmjs.org/@grpc%2fgrpc-js cache-miss
246 http fetch GET 200 https://registry.npmjs.org/@grpc%2fgrpc-js 365ms (cache miss)
247 silly packumentCache full:https://registry.npmjs.org/@grpc%2fgrpc-js set size:undefined disposed:false
248 silly fetch manifest @grpc/proto-loader@^0.7.8
249 silly packumentCache full:https://registry.npmjs.org/@grpc%2fproto-loader cache-miss
250 http fetch GET 200 https://registry.npmjs.org/@firebase%2fauth-types 2649ms (cache miss)
251 silly packumentCache full:https://registry.npmjs.org/@firebase%2fauth-types set size:undefined disposed:false
252 silly fetch manifest @firebase/webchannel-wrapper@1.0.3
253 silly packumentCache full:https://registry.npmjs.org/@firebase%2fwebchannel-wrapper cache-miss
254 http fetch GET 200 https://registry.npmjs.org/@firebase%2fapp-check-interop-types 1663ms (cache miss)
255 silly packumentCache full:https://registry.npmjs.org/@firebase%2fapp-check-interop-types set size:undefined disposed:false
256 silly fetch manifest @firebase/firestore-types@3.0.3
257 silly packumentCache full:https://registry.npmjs.org/@firebase%2ffirestore-types cache-miss
258 http fetch GET 200 https://registry.npmjs.org/@grpc%2fproto-loader 388ms (cache miss)
259 silly packumentCache full:https://registry.npmjs.org/@grpc%2fproto-loader set size:undefined disposed:false
260 silly fetch manifest @firebase/messaging-interop-types@0.2.3
261 silly packumentCache full:https://registry.npmjs.org/@firebase%2fmessaging-interop-types cache-miss
262 http fetch GET 200 https://registry.npmjs.org/@firebase%2fauth-interop-types 2444ms (cache miss)
263 silly packumentCache full:https://registry.npmjs.org/@firebase%2fauth-interop-types set size:undefined disposed:false
264 silly fetch manifest @firebase/functions-types@0.6.3
265 silly packumentCache full:https://registry.npmjs.org/@firebase%2ffunctions-types cache-miss
266 http fetch GET 200 https://registry.npmjs.org/@firebase%2flogger 3935ms (cache miss)
267 silly packumentCache full:https://registry.npmjs.org/@firebase%2flogger set size:undefined disposed:false
268 silly fetch manifest @firebase/installations-types@0.5.3
269 silly packumentCache full:https://registry.npmjs.org/@firebase%2finstallations-types cache-miss
270 http fetch GET 200 https://registry.npmjs.org/@firebase%2fmessaging-interop-types 802ms (cache miss)
271 silly packumentCache full:https://registry.npmjs.org/@firebase%2fmessaging-interop-types set size:undefined disposed:false
272 silly fetch manifest @firebase/performance-types@0.2.3
273 silly packumentCache full:https://registry.npmjs.org/@firebase%2fperformance-types cache-miss
274 http fetch GET 200 https://registry.npmjs.org/@firebase%2flogger 4032ms (cache miss)
275 silly packumentCache full:https://registry.npmjs.org/@firebase%2flogger set size:undefined disposed:false
276 silly fetch manifest @firebase/remote-config-types@0.4.0
277 silly packumentCache full:https://registry.npmjs.org/@firebase%2fremote-config-types cache-miss
278 http fetch GET 200 https://registry.npmjs.org/@firebase%2fdatabase-types 2509ms (cache miss)
279 silly packumentCache full:https://registry.npmjs.org/@firebase%2fdatabase-types set size:undefined disposed:false
280 silly fetch manifest @firebase/storage-types@0.8.3
281 silly packumentCache full:https://registry.npmjs.org/@firebase%2fstorage-types cache-miss
282 http fetch GET 200 https://registry.npmjs.org/@firebase%2fwebchannel-wrapper 2263ms (cache miss)
283 silly packumentCache full:https://registry.npmjs.org/@firebase%2fwebchannel-wrapper set size:undefined disposed:false
284 http fetch GET 200 https://registry.npmjs.org/@firebase%2fperformance-types 1743ms (cache miss)
285 silly packumentCache full:https://registry.npmjs.org/@firebase%2fperformance-types set size:undefined disposed:false
286 http fetch GET 200 https://registry.npmjs.org/@firebase%2ffirestore-types 3226ms (cache miss)
287 silly packumentCache full:https://registry.npmjs.org/@firebase%2ffirestore-types set size:undefined disposed:false
288 http fetch GET 200 https://registry.npmjs.org/@firebase%2fstorage-types 1986ms (cache miss)
289 silly packumentCache full:https://registry.npmjs.org/@firebase%2fstorage-types set size:undefined disposed:false
290 http fetch GET 200 https://registry.npmjs.org/@firebase%2fremote-config-types 2366ms (cache miss)
291 silly packumentCache full:https://registry.npmjs.org/@firebase%2fremote-config-types set size:undefined disposed:false
292 http fetch GET 200 https://registry.npmjs.org/@firebase%2ffunctions-types 3229ms (cache miss)
293 silly packumentCache full:https://registry.npmjs.org/@firebase%2ffunctions-types set size:undefined disposed:false
294 http fetch GET 200 https://registry.npmjs.org/@firebase%2finstallations-types 3008ms (cache miss)
295 silly packumentCache full:https://registry.npmjs.org/@firebase%2finstallations-types set size:undefined disposed:false
296 silly placeDep ROOT @firebase/component@0.6.12 OK for: @firebase/analytics@0.10.11 want: 0.6.12
297 silly placeDep ROOT @firebase/logger@0.4.4 OK for: @firebase/analytics@0.10.11 want: 0.4.4
298 silly placeDep ROOT tslib@2.8.1 OK for: @firebase/analytics@0.10.11 want: ^2.1.0
299 silly placeDep ROOT @firebase/analytics-types@0.8.3 OK for: @firebase/analytics-compat@0.2.17 want: 0.8.3
300 silly placeDep ROOT idb@7.1.1 OK for: @firebase/app@0.10.18 want: 7.1.1
301 silly placeDep ROOT @firebase/app-check-types@0.5.3 OK for: @firebase/app-check-compat@0.3.18 want: 0.5.3
302 silly fetch manifest @firebase/app-types@0.x
303 silly packumentCache full:https://registry.npmjs.org/@firebase%2fapp-types cache-miss
304 http cache https://registry.npmjs.org/@firebase%2fapp-types 44ms (cache hit)
305 silly packumentCache full:https://registry.npmjs.org/@firebase%2fapp-types set size:7999618 disposed:false
306 silly placeDep ROOT @firebase/auth-types@0.12.3 OK for: @firebase/auth-compat@0.5.17 want: 0.12.3
307 silly placeDep ROOT @firebase/auth-interop-types@0.2.4 OK for: @firebase/data-connect@0.2.0 want: 0.2.4
308 silly placeDep ROOT @firebase/app-check-interop-types@0.3.3 OK for: @firebase/database@1.0.11 want: 0.3.3
309 silly placeDep ROOT faye-websocket@0.11.4 OK for: @firebase/database@1.0.11 want: 0.11.4
310 silly fetch manifest websocket-driver@>=0.5.1
311 silly packumentCache full:https://registry.npmjs.org/websocket-driver cache-miss
312 http fetch GET 200 https://registry.npmjs.org/websocket-driver 91ms (cache miss)
313 silly packumentCache full:https://registry.npmjs.org/websocket-driver set size:undefined disposed:false
314 silly placeDep ROOT @firebase/database-types@1.0.8 OK for: @firebase/database-compat@2.0.2 want: 1.0.8
315 silly placeDep ROOT @firebase/webchannel-wrapper@1.0.3 OK for: @firebase/firestore@4.7.6 want: 1.0.3
316 silly placeDep ROOT @grpc/grpc-js@1.9.15 OK for: @firebase/firestore@4.7.6 want: ~1.9.0
317 silly placeDep ROOT @grpc/proto-loader@0.7.13 OK for: @firebase/firestore@4.7.6 want: ^0.7.8
318 silly fetch manifest @types/node@>=12.12.47
319 silly packumentCache full:https://registry.npmjs.org/@types%2fnode cache-miss
320 silly fetch manifest lodash.camelcase@^4.3.0
321 silly packumentCache full:https://registry.npmjs.org/lodash.camelcase cache-miss
322 silly fetch manifest long@^5.0.0
323 silly packumentCache full:https://registry.npmjs.org/long cache-miss
324 silly fetch manifest protobufjs@^7.2.5
325 silly packumentCache full:https://registry.npmjs.org/protobufjs cache-miss
326 silly fetch manifest yargs@^17.7.2
327 silly packumentCache full:https://registry.npmjs.org/yargs cache-miss
328 http fetch GET 200 https://registry.npmjs.org/long 106ms (cache miss)
329 silly packumentCache full:https://registry.npmjs.org/long set size:undefined disposed:false
330 http fetch GET 200 https://registry.npmjs.org/lodash.camelcase 134ms (cache miss)
331 silly packumentCache full:https://registry.npmjs.org/lodash.camelcase set size:undefined disposed:false
332 http fetch GET 200 https://registry.npmjs.org/protobufjs 190ms (cache miss)
333 silly packumentCache full:https://registry.npmjs.org/protobufjs set size:undefined disposed:false
334 http fetch GET 200 https://registry.npmjs.org/yargs 210ms (cache miss)
335 silly packumentCache full:https://registry.npmjs.org/yargs set size:undefined disposed:false
336 http fetch GET 200 https://registry.npmjs.org/@types%2fnode 760ms (cache miss)
337 silly packumentCache full:https://registry.npmjs.org/@types%2fnode set size:undefined disposed:false
338 silly placeDep ROOT @firebase/firestore-types@3.0.3 OK for: @firebase/firestore-compat@0.3.41 want: 3.0.3
339 silly placeDep ROOT @firebase/messaging-interop-types@0.2.3 OK for: @firebase/functions@0.12.1 want: 0.2.3
340 silly placeDep ROOT @firebase/functions-types@0.6.3 OK for: @firebase/functions-compat@0.3.18 want: 0.6.3
341 silly placeDep ROOT @firebase/installations-types@0.5.3 OK for: @firebase/installations-compat@0.2.12 want: 0.5.3
342 silly placeDep ROOT @firebase/performance-types@0.2.3 OK for: @firebase/performance-compat@0.2.12 want: 0.2.3
343 silly placeDep ROOT @firebase/remote-config-types@0.4.0 OK for: @firebase/remote-config-compat@0.2.12 want: 0.4.0
344 silly placeDep ROOT @firebase/storage-types@0.8.3 OK for: @firebase/storage-compat@0.3.15 want: 0.8.3
345 silly placeDep ROOT @types/node@22.12.0 OK for: @grpc/grpc-js@1.9.15 want: >=12.12.47
346 silly fetch manifest undici-types@~6.20.0
347 silly packumentCache full:https://registry.npmjs.org/undici-types cache-miss
348 http fetch GET 200 https://registry.npmjs.org/undici-types 111ms (cache miss)
349 silly packumentCache full:https://registry.npmjs.org/undici-types set size:undefined disposed:false
350 silly placeDep ROOT lodash.camelcase@4.3.0 OK for: @grpc/proto-loader@0.7.13 want: ^4.3.0
351 silly placeDep ROOT long@5.2.4 OK for: @grpc/proto-loader@0.7.13 want: ^5.0.0
352 silly placeDep ROOT protobufjs@7.4.0 OK for: @grpc/proto-loader@0.7.13 want: ^7.2.5
353 silly placeDep ROOT yargs@17.7.2 OK for: @grpc/proto-loader@0.7.13 want: ^17.7.2
354 silly fetch manifest @protobufjs/aspromise@^1.1.2
355 silly packumentCache full:https://registry.npmjs.org/@protobufjs%2faspromise cache-miss
356 silly fetch manifest @protobufjs/base64@^1.1.2
357 silly packumentCache full:https://registry.npmjs.org/@protobufjs%2fbase64 cache-miss
358 silly fetch manifest @protobufjs/codegen@^2.0.4
359 silly packumentCache full:https://registry.npmjs.org/@protobufjs%2fcodegen cache-miss
360 silly fetch manifest @protobufjs/eventemitter@^1.1.0
361 silly packumentCache full:https://registry.npmjs.org/@protobufjs%2feventemitter cache-miss
362 silly fetch manifest @protobufjs/fetch@^1.1.0
363 silly packumentCache full:https://registry.npmjs.org/@protobufjs%2ffetch cache-miss
364 silly fetch manifest @protobufjs/float@^1.0.2
365 silly packumentCache full:https://registry.npmjs.org/@protobufjs%2ffloat cache-miss
366 silly fetch manifest @protobufjs/inquire@^1.1.0
367 silly packumentCache full:https://registry.npmjs.org/@protobufjs%2finquire cache-miss
368 http fetch GET 200 https://registry.npmjs.org/@protobufjs%2faspromise 106ms (cache miss)
369 silly packumentCache full:https://registry.npmjs.org/@protobufjs%2faspromise set size:undefined disposed:false
370 silly fetch manifest @protobufjs/path@^1.1.2
371 silly packumentCache full:https://registry.npmjs.org/@protobufjs%2fpath cache-miss
372 http fetch GET 200 https://registry.npmjs.org/@protobufjs%2feventemitter 115ms (cache miss)
373 silly packumentCache full:https://registry.npmjs.org/@protobufjs%2feventemitter set size:undefined disposed:false
374 silly fetch manifest @protobufjs/pool@^1.1.0
375 silly packumentCache full:https://registry.npmjs.org/@protobufjs%2fpool cache-miss
376 http fetch GET 200 https://registry.npmjs.org/@protobufjs%2ffetch 118ms (cache miss)
377 silly packumentCache full:https://registry.npmjs.org/@protobufjs%2ffetch set size:undefined disposed:false
378 silly fetch manifest @protobufjs/utf8@^1.1.0
379 silly packumentCache full:https://registry.npmjs.org/@protobufjs%2futf8 cache-miss
380 http fetch GET 200 https://registry.npmjs.org/@protobufjs%2ffloat 130ms (cache miss)
381 silly packumentCache full:https://registry.npmjs.org/@protobufjs%2ffloat set size:undefined disposed:false
382 silly fetch manifest y18n@^5.0.5
383 silly packumentCache full:https://registry.npmjs.org/y18n cache-miss
384 http fetch GET 200 https://registry.npmjs.org/@protobufjs%2fbase64 150ms (cache miss)
385 silly packumentCache full:https://registry.npmjs.org/@protobufjs%2fbase64 set size:undefined disposed:false
386 silly fetch manifest cliui@^8.0.1
387 silly packumentCache full:https://registry.npmjs.org/cliui cache-miss
388 http fetch GET 200 https://registry.npmjs.org/@protobufjs%2fcodegen 153ms (cache miss)
389 silly packumentCache full:https://registry.npmjs.org/@protobufjs%2fcodegen set size:undefined disposed:false
390 silly fetch manifest escalade@^3.1.1
391 silly packumentCache full:https://registry.npmjs.org/escalade cache-miss
392 http fetch GET 200 https://registry.npmjs.org/@protobufjs%2fpath 81ms (cache miss)
393 silly packumentCache full:https://registry.npmjs.org/@protobufjs%2fpath set size:undefined disposed:false
394 silly fetch manifest string-width@^4.2.3
395 silly packumentCache full:https://registry.npmjs.org/string-width cache-miss
396 http fetch GET 200 https://registry.npmjs.org/@protobufjs%2futf8 88ms (cache miss)
397 silly packumentCache full:https://registry.npmjs.org/@protobufjs%2futf8 set size:undefined disposed:false
398 silly fetch manifest yargs-parser@^21.1.1
399 silly packumentCache full:https://registry.npmjs.org/yargs-parser cache-miss
400 http fetch GET 200 https://registry.npmjs.org/@protobufjs%2fpool 96ms (cache miss)
401 silly packumentCache full:https://registry.npmjs.org/@protobufjs%2fpool set size:undefined disposed:false
402 silly fetch manifest get-caller-file@^2.0.5
403 silly packumentCache full:https://registry.npmjs.org/get-caller-file cache-miss
404 http fetch GET 200 https://registry.npmjs.org/y18n 108ms (cache miss)
405 silly packumentCache full:https://registry.npmjs.org/y18n set size:undefined disposed:false
406 silly fetch manifest require-directory@^2.1.1
407 silly packumentCache full:https://registry.npmjs.org/require-directory cache-miss
408 http fetch GET 200 https://registry.npmjs.org/escalade 107ms (cache miss)
409 silly packumentCache full:https://registry.npmjs.org/escalade set size:undefined disposed:false
410 http fetch GET 200 https://registry.npmjs.org/cliui 122ms (cache miss)
411 silly packumentCache full:https://registry.npmjs.org/cliui set size:undefined disposed:false
412 http fetch GET 200 https://registry.npmjs.org/string-width 108ms (cache miss)
413 silly packumentCache full:https://registry.npmjs.org/string-width set size:undefined disposed:false
414 http fetch GET 200 https://registry.npmjs.org/get-caller-file 126ms (cache miss)
415 silly packumentCache full:https://registry.npmjs.org/get-caller-file set size:undefined disposed:false
416 http fetch GET 200 https://registry.npmjs.org/yargs-parser 134ms (cache miss)
417 silly packumentCache full:https://registry.npmjs.org/yargs-parser set size:undefined disposed:false
418 http fetch GET 200 https://registry.npmjs.org/require-directory 121ms (cache miss)
419 silly packumentCache full:https://registry.npmjs.org/require-directory set size:undefined disposed:false
420 http fetch GET 200 https://registry.npmjs.org/@protobufjs%2finquire 377ms (cache miss)
421 silly packumentCache full:https://registry.npmjs.org/@protobufjs%2finquire set size:undefined disposed:false
422 silly placeDep ROOT undici-types@6.20.0 OK for: @types/node@22.12.0 want: ~6.20.0
423 silly placeDep ROOT websocket-driver@0.7.4 OK for: faye-websocket@0.11.4 want: >=0.5.1
424 silly fetch manifest http-parser-js@>=0.5.1
425 silly packumentCache full:https://registry.npmjs.org/http-parser-js cache-miss
426 silly fetch manifest safe-buffer@>=5.1.0
427 silly packumentCache full:https://registry.npmjs.org/safe-buffer cache-miss
428 silly fetch manifest websocket-extensions@>=0.1.1
429 silly packumentCache full:https://registry.npmjs.org/websocket-extensions cache-miss
430 http fetch GET 200 https://registry.npmjs.org/websocket-extensions 73ms (cache miss)
431 silly packumentCache full:https://registry.npmjs.org/websocket-extensions set size:undefined disposed:false
432 http fetch GET 200 https://registry.npmjs.org/safe-buffer 95ms (cache miss)
433 silly packumentCache full:https://registry.npmjs.org/safe-buffer set size:undefined disposed:false
434 http fetch GET 200 https://registry.npmjs.org/http-parser-js 101ms (cache miss)
435 silly packumentCache full:https://registry.npmjs.org/http-parser-js set size:undefined disposed:false
436 silly placeDep ROOT @protobufjs/aspromise@1.1.2 OK for: protobufjs@7.4.0 want: ^1.1.2
437 silly placeDep ROOT @protobufjs/base64@1.1.2 OK for: protobufjs@7.4.0 want: ^1.1.2
438 silly placeDep ROOT @protobufjs/codegen@2.0.4 OK for: protobufjs@7.4.0 want: ^2.0.4
439 silly placeDep ROOT @protobufjs/eventemitter@1.1.0 OK for: protobufjs@7.4.0 want: ^1.1.0
440 silly placeDep ROOT @protobufjs/fetch@1.1.0 OK for: protobufjs@7.4.0 want: ^1.1.0
441 silly placeDep ROOT @protobufjs/float@1.0.2 OK for: protobufjs@7.4.0 want: ^1.0.2
442 silly placeDep ROOT @protobufjs/inquire@1.1.0 OK for: protobufjs@7.4.0 want: ^1.1.0
443 silly placeDep ROOT @protobufjs/path@1.1.2 OK for: protobufjs@7.4.0 want: ^1.1.2
444 silly placeDep ROOT @protobufjs/pool@1.1.0 OK for: protobufjs@7.4.0 want: ^1.1.0
445 silly placeDep ROOT @protobufjs/utf8@1.1.0 OK for: protobufjs@7.4.0 want: ^1.1.0
446 silly placeDep ROOT http-parser-js@0.5.9 OK for: websocket-driver@0.7.4 want: >=0.5.1
447 silly placeDep ROOT safe-buffer@5.2.1 OK for: websocket-driver@0.7.4 want: >=5.1.0
448 silly placeDep ROOT websocket-extensions@0.1.4 OK for: websocket-driver@0.7.4 want: >=0.1.1
449 silly placeDep ROOT cliui@8.0.1 OK for: yargs@17.7.2 want: ^8.0.1
450 silly placeDep ROOT escalade@3.2.0 OK for: yargs@17.7.2 want: ^3.1.1
451 silly placeDep ROOT get-caller-file@2.0.5 OK for: yargs@17.7.2 want: ^2.0.5
452 silly placeDep ROOT require-directory@2.1.1 OK for: yargs@17.7.2 want: ^2.1.1
453 silly placeDep ROOT string-width@4.2.3 OK for: yargs@17.7.2 want: ^4.2.3
454 silly placeDep ROOT y18n@5.0.8 OK for: yargs@17.7.2 want: ^5.0.5
455 silly placeDep ROOT yargs-parser@21.1.1 OK for: yargs@17.7.2 want: ^21.1.1
456 silly fetch manifest wrap-ansi@^7.0.0
457 silly packumentCache full:https://registry.npmjs.org/wrap-ansi cache-miss
458 silly fetch manifest strip-ansi@^6.0.1
459 silly packumentCache full:https://registry.npmjs.org/strip-ansi cache-miss
460 silly fetch manifest string-width@^4.2.0
461 silly packumentCache full:https://registry.npmjs.org/string-width cache-miss
462 silly fetch manifest strip-ansi@^6.0.1
463 silly packumentCache full:https://registry.npmjs.org/strip-ansi cache-miss
464 silly fetch manifest emoji-regex@^8.0.0
465 silly packumentCache full:https://registry.npmjs.org/emoji-regex cache-miss
466 silly fetch manifest is-fullwidth-code-point@^3.0.0
467 silly packumentCache full:https://registry.npmjs.org/is-fullwidth-code-point cache-miss
468 http cache https://registry.npmjs.org/string-width 25ms (cache hit)
469 silly packumentCache full:https://registry.npmjs.org/string-width set size:61460 disposed:false
470 http fetch GET 200 https://registry.npmjs.org/is-fullwidth-code-point 85ms (cache miss)
471 silly packumentCache full:https://registry.npmjs.org/is-fullwidth-code-point set size:undefined disposed:false
472 http fetch GET 200 https://registry.npmjs.org/wrap-ansi 101ms (cache miss)
473 silly packumentCache full:https://registry.npmjs.org/wrap-ansi set size:undefined disposed:false
474 http fetch GET 200 https://registry.npmjs.org/strip-ansi 103ms (cache miss)
475 silly packumentCache full:https://registry.npmjs.org/strip-ansi set size:undefined disposed:false
476 http fetch GET 200 https://registry.npmjs.org/emoji-regex 114ms (cache miss)
477 silly packumentCache full:https://registry.npmjs.org/emoji-regex set size:undefined disposed:false
478 http fetch GET 200 https://registry.npmjs.org/strip-ansi 130ms (cache miss)
479 silly packumentCache full:https://registry.npmjs.org/strip-ansi set size:undefined disposed:false
480 silly placeDep ROOT strip-ansi@6.0.1 OK for: cliui@8.0.1 want: ^6.0.1
481 silly placeDep ROOT wrap-ansi@7.0.0 OK for: cliui@8.0.1 want: ^7.0.0
482 silly fetch manifest ansi-regex@^5.0.1
483 silly packumentCache full:https://registry.npmjs.org/ansi-regex cache-miss
484 silly fetch manifest ansi-styles@^4.0.0
485 silly packumentCache full:https://registry.npmjs.org/ansi-styles cache-miss
486 http fetch GET 200 https://registry.npmjs.org/ansi-regex 78ms (cache miss)
487 silly packumentCache full:https://registry.npmjs.org/ansi-regex set size:undefined disposed:false
488 http fetch GET 200 https://registry.npmjs.org/ansi-styles 82ms (cache miss)
489 silly packumentCache full:https://registry.npmjs.org/ansi-styles set size:undefined disposed:false
490 silly placeDep ROOT emoji-regex@8.0.0 OK for: string-width@4.2.3 want: ^8.0.0
491 silly placeDep ROOT is-fullwidth-code-point@3.0.0 OK for: string-width@4.2.3 want: ^3.0.0
492 silly placeDep ROOT ansi-regex@5.0.1 OK for: strip-ansi@6.0.1 want: ^5.0.1
493 silly placeDep ROOT ansi-styles@4.3.0 OK for: wrap-ansi@7.0.0 want: ^4.0.0
494 silly fetch manifest color-convert@^2.0.1
495 silly packumentCache full:https://registry.npmjs.org/color-convert cache-miss
496 http fetch GET 200 https://registry.npmjs.org/color-convert 77ms (cache miss)
497 silly packumentCache full:https://registry.npmjs.org/color-convert set size:undefined disposed:false
498 silly placeDep ROOT color-convert@2.0.1 OK for: ansi-styles@4.3.0 want: ^2.0.1
499 silly fetch manifest color-name@~1.1.4
500 silly packumentCache full:https://registry.npmjs.org/color-name cache-miss
501 http fetch GET 200 https://registry.npmjs.org/color-name 718ms (cache miss)
502 silly packumentCache full:https://registry.npmjs.org/color-name set size:undefined disposed:false
503 silly placeDep ROOT color-name@1.1.4 OK for: color-convert@2.0.1 want: ~1.1.4
504 silly reify mark retired [ 'E:\\UKK\\InfinityPlayground\\node_modules\\swiper' ]
505 silly reify moves {
505 silly reify   'E:\\UKK\\InfinityPlayground\\node_modules\\swiper': 'E:\\UKK\\InfinityPlayground\\node_modules\\.swiper-tvmFCG4U'
505 silly reify }
506 http cache color-convert@https://registry.npmjs.org/color-convert/-/color-convert-2.0.1.tgz 0ms (cache hit)
507 http cache color-name@https://registry.npmjs.org/color-name/-/color-name-1.1.4.tgz 0ms (cache hit)
508 http cache ansi-styles@https://registry.npmjs.org/ansi-styles/-/ansi-styles-4.3.0.tgz 0ms (cache hit)
509 http cache ansi-regex@https://registry.npmjs.org/ansi-regex/-/ansi-regex-5.0.1.tgz 0ms (cache hit)
510 http cache is-fullwidth-code-point@https://registry.npmjs.org/is-fullwidth-code-point/-/is-fullwidth-code-point-3.0.0.tgz 0ms (cache hit)
511 http cache emoji-regex@https://registry.npmjs.org/emoji-regex/-/emoji-regex-8.0.0.tgz 0ms (cache hit)
512 http cache wrap-ansi@https://registry.npmjs.org/wrap-ansi/-/wrap-ansi-7.0.0.tgz 0ms (cache hit)
513 http cache strip-ansi@https://registry.npmjs.org/strip-ansi/-/strip-ansi-6.0.1.tgz 0ms (cache hit)
514 http cache yargs-parser@https://registry.npmjs.org/yargs-parser/-/yargs-parser-21.1.1.tgz 0ms (cache hit)
515 http cache y18n@https://registry.npmjs.org/y18n/-/y18n-5.0.8.tgz 0ms (cache hit)
516 http cache string-width@https://registry.npmjs.org/string-width/-/string-width-4.2.3.tgz 0ms (cache hit)
517 http cache require-directory@https://registry.npmjs.org/require-directory/-/require-directory-2.1.1.tgz 0ms (cache hit)
518 http cache cliui@https://registry.npmjs.org/cliui/-/cliui-8.0.1.tgz 0ms (cache hit)
519 http cache escalade@https://registry.npmjs.org/escalade/-/escalade-3.2.0.tgz 0ms (cache hit)
520 http cache get-caller-file@https://registry.npmjs.org/get-caller-file/-/get-caller-file-2.0.5.tgz 0ms (cache hit)
521 http cache safe-buffer@https://registry.npmjs.org/safe-buffer/-/safe-buffer-5.2.1.tgz 0ms (cache hit)
522 http cache websocket-extensions@https://registry.npmjs.org/websocket-extensions/-/websocket-extensions-0.1.4.tgz 0ms (cache hit)
523 http cache http-parser-js@https://registry.npmjs.org/http-parser-js/-/http-parser-js-0.5.9.tgz 0ms (cache hit)
524 http cache @protobufjs/utf8@https://registry.npmjs.org/@protobufjs/utf8/-/utf8-1.1.0.tgz 0ms (cache hit)
525 http cache @protobufjs/pool@https://registry.npmjs.org/@protobufjs/pool/-/pool-1.1.0.tgz 0ms (cache hit)
526 http cache @protobufjs/float@https://registry.npmjs.org/@protobufjs/float/-/float-1.0.2.tgz 0ms (cache hit)
527 http cache @protobufjs/inquire@https://registry.npmjs.org/@protobufjs/inquire/-/inquire-1.1.0.tgz 0ms (cache hit)
528 http cache @protobufjs/path@https://registry.npmjs.org/@protobufjs/path/-/path-1.1.2.tgz 0ms (cache hit)
529 http cache @protobufjs/eventemitter@https://registry.npmjs.org/@protobufjs/eventemitter/-/eventemitter-1.1.0.tgz 0ms (cache hit)
530 http cache @protobufjs/fetch@https://registry.npmjs.org/@protobufjs/fetch/-/fetch-1.1.0.tgz 0ms (cache hit)
531 http cache @protobufjs/codegen@https://registry.npmjs.org/@protobufjs/codegen/-/codegen-2.0.4.tgz 0ms (cache hit)
532 http cache @protobufjs/aspromise@https://registry.npmjs.org/@protobufjs/aspromise/-/aspromise-1.1.2.tgz 0ms (cache hit)
533 http cache @protobufjs/base64@https://registry.npmjs.org/@protobufjs/base64/-/base64-1.1.2.tgz 0ms (cache hit)
534 http cache websocket-driver@https://registry.npmjs.org/websocket-driver/-/websocket-driver-0.7.4.tgz 0ms (cache hit)
535 http cache yargs@https://registry.npmjs.org/yargs/-/yargs-17.7.2.tgz 0ms (cache hit)
536 http cache undici-types@https://registry.npmjs.org/undici-types/-/undici-types-6.20.0.tgz 0ms (cache hit)
537 http cache lodash.camelcase@https://registry.npmjs.org/lodash.camelcase/-/lodash.camelcase-4.3.0.tgz 0ms (cache hit)
538 http cache protobufjs@https://registry.npmjs.org/protobufjs/-/protobufjs-7.4.0.tgz 0ms (cache hit)
539 http cache long@https://registry.npmjs.org/long/-/long-5.2.4.tgz 0ms (cache hit)
540 http cache @types/node@https://registry.npmjs.org/@types/node/-/node-22.12.0.tgz 0ms (cache hit)
541 http cache @firebase/storage-types@https://registry.npmjs.org/@firebase/storage-types/-/storage-types-0.8.3.tgz 0ms (cache hit)
542 http cache @firebase/performance-types@https://registry.npmjs.org/@firebase/performance-types/-/performance-types-0.2.3.tgz 1ms (cache hit)
543 http cache @firebase/remote-config-types@https://registry.npmjs.org/@firebase/remote-config-types/-/remote-config-types-0.4.0.tgz 0ms (cache hit)
544 http cache @firebase/installations-types@https://registry.npmjs.org/@firebase/installations-types/-/installations-types-0.5.3.tgz 0ms (cache hit)
545 http cache @firebase/messaging-interop-types@https://registry.npmjs.org/@firebase/messaging-interop-types/-/messaging-interop-types-0.2.3.tgz 0ms (cache hit)
546 http cache @grpc/proto-loader@https://registry.npmjs.org/@grpc/proto-loader/-/proto-loader-0.7.13.tgz 0ms (cache hit)
547 http cache @firebase/firestore-types@https://registry.npmjs.org/@firebase/firestore-types/-/firestore-types-3.0.3.tgz 0ms (cache hit)
548 http cache @grpc/grpc-js@https://registry.npmjs.org/@grpc/grpc-js/-/grpc-js-1.9.15.tgz 0ms (cache hit)
549 http cache @firebase/webchannel-wrapper@https://registry.npmjs.org/@firebase/webchannel-wrapper/-/webchannel-wrapper-1.0.3.tgz 0ms (cache hit)
550 http cache @firebase/database-types@https://registry.npmjs.org/@firebase/database-types/-/database-types-1.0.8.tgz 0ms (cache hit)
551 http cache @firebase/functions-types@https://registry.npmjs.org/@firebase/functions-types/-/functions-types-0.6.3.tgz 0ms (cache hit)
552 http cache faye-websocket@https://registry.npmjs.org/faye-websocket/-/faye-websocket-0.11.4.tgz 0ms (cache hit)
553 http cache @firebase/auth-interop-types@https://registry.npmjs.org/@firebase/auth-interop-types/-/auth-interop-types-0.2.4.tgz 0ms (cache hit)
554 http cache @firebase/app-check-interop-types@https://registry.npmjs.org/@firebase/app-check-interop-types/-/app-check-interop-types-0.3.3.tgz 0ms (cache hit)
555 http cache @firebase/app-check-types@https://registry.npmjs.org/@firebase/app-check-types/-/app-check-types-0.5.3.tgz 0ms (cache hit)
556 http cache @firebase/auth-types@https://registry.npmjs.org/@firebase/auth-types/-/auth-types-0.12.3.tgz 0ms (cache hit)
557 http cache idb@https://registry.npmjs.org/idb/-/idb-7.1.1.tgz 0ms (cache hit)
558 http cache @firebase/analytics-types@https://registry.npmjs.org/@firebase/analytics-types/-/analytics-types-0.8.3.tgz 0ms (cache hit)
559 http cache tslib@https://registry.npmjs.org/tslib/-/tslib-2.8.1.tgz 1ms (cache hit)
560 http cache @firebase/component@https://registry.npmjs.org/@firebase/component/-/component-0.6.12.tgz 1ms (cache hit)
561 http cache @firebase/logger@https://registry.npmjs.org/@firebase/logger/-/logger-0.4.4.tgz 0ms (cache hit)
562 http cache @firebase/storage-compat@https://registry.npmjs.org/@firebase/storage-compat/-/storage-compat-0.3.15.tgz 0ms (cache hit)
563 http cache @firebase/util@https://registry.npmjs.org/@firebase/util/-/util-1.10.3.tgz 0ms (cache hit)
564 http cache @firebase/vertexai@https://registry.npmjs.org/@firebase/vertexai/-/vertexai-1.0.3.tgz 0ms (cache hit)
565 http cache @firebase/remote-config-compat@https://registry.npmjs.org/@firebase/remote-config-compat/-/remote-config-compat-0.2.12.tgz 0ms (cache hit)
566 http cache @firebase/storage@https://registry.npmjs.org/@firebase/storage/-/storage-0.13.5.tgz 0ms (cache hit)
567 http cache @firebase/performance@https://registry.npmjs.org/@firebase/performance/-/performance-0.6.12.tgz 0ms (cache hit)
568 http cache @firebase/remote-config@https://registry.npmjs.org/@firebase/remote-config/-/remote-config-0.5.0.tgz 0ms (cache hit)
569 http cache @firebase/performance-compat@https://registry.npmjs.org/@firebase/performance-compat/-/performance-compat-0.2.12.tgz 0ms (cache hit)
570 http cache @firebase/messaging-compat@https://registry.npmjs.org/@firebase/messaging-compat/-/messaging-compat-0.2.16.tgz 0ms (cache hit)
571 http cache @firebase/messaging@https://registry.npmjs.org/@firebase/messaging/-/messaging-0.12.16.tgz 0ms (cache hit)
572 http cache @firebase/functions-compat@https://registry.npmjs.org/@firebase/functions-compat/-/functions-compat-0.3.18.tgz 0ms (cache hit)
573 http cache @firebase/installations-compat@https://registry.npmjs.org/@firebase/installations-compat/-/installations-compat-0.2.12.tgz 0ms (cache hit)
574 http cache @firebase/installations@https://registry.npmjs.org/@firebase/installations/-/installations-0.6.12.tgz 0ms (cache hit)
575 http cache @firebase/functions@https://registry.npmjs.org/@firebase/functions/-/functions-0.12.1.tgz 0ms (cache hit)
576 http cache @firebase/firestore-compat@https://registry.npmjs.org/@firebase/firestore-compat/-/firestore-compat-0.3.41.tgz 0ms (cache hit)
577 http cache @firebase/firestore@https://registry.npmjs.org/@firebase/firestore/-/firestore-4.7.6.tgz 0ms (cache hit)
578 http cache @firebase/database-compat@https://registry.npmjs.org/@firebase/database-compat/-/database-compat-2.0.2.tgz 0ms (cache hit)
579 http cache @firebase/database@https://registry.npmjs.org/@firebase/database/-/database-1.0.11.tgz 0ms (cache hit)
580 http cache @firebase/data-connect@https://registry.npmjs.org/@firebase/data-connect/-/data-connect-0.2.0.tgz 0ms (cache hit)
581 http cache @firebase/app-check-compat@https://registry.npmjs.org/@firebase/app-check-compat/-/app-check-compat-0.3.18.tgz 0ms (cache hit)
582 http cache @firebase/auth-compat@https://registry.npmjs.org/@firebase/auth-compat/-/auth-compat-0.5.17.tgz 0ms (cache hit)
583 http cache @firebase/auth@https://registry.npmjs.org/@firebase/auth/-/auth-1.8.2.tgz 0ms (cache hit)
584 http cache @firebase/app-types@https://registry.npmjs.org/@firebase/app-types/-/app-types-0.9.3.tgz 0ms (cache hit)
585 http cache @firebase/app-compat@https://registry.npmjs.org/@firebase/app-compat/-/app-compat-0.2.48.tgz 0ms (cache hit)
586 http cache @firebase/app-check@https://registry.npmjs.org/@firebase/app-check/-/app-check-0.8.11.tgz 0ms (cache hit)
587 http cache @firebase/analytics-compat@https://registry.npmjs.org/@firebase/analytics-compat/-/analytics-compat-0.2.17.tgz 0ms (cache hit)
588 http cache @firebase/analytics@https://registry.npmjs.org/@firebase/analytics/-/analytics-0.10.11.tgz 0ms (cache hit)
589 http cache @firebase/app@https://registry.npmjs.org/@firebase/app/-/app-0.10.18.tgz 0ms (cache hit)
590 http cache firebase@https://registry.npmjs.org/firebase/-/firebase-11.2.0.tgz 0ms (cache hit)
591 silly tarball no local data for color-convert@https://registry.npmjs.org/color-convert/-/color-convert-2.0.1.tgz. Extracting by manifest.
592 silly tarball no local data for color-name@https://registry.npmjs.org/color-name/-/color-name-1.1.4.tgz. Extracting by manifest.
593 silly tarball no local data for ansi-styles@https://registry.npmjs.org/ansi-styles/-/ansi-styles-4.3.0.tgz. Extracting by manifest.
594 silly tarball no local data for ansi-regex@https://registry.npmjs.org/ansi-regex/-/ansi-regex-5.0.1.tgz. Extracting by manifest.
595 silly tarball no local data for is-fullwidth-code-point@https://registry.npmjs.org/is-fullwidth-code-point/-/is-fullwidth-code-point-3.0.0.tgz. Extracting by manifest.
596 silly tarball no local data for emoji-regex@https://registry.npmjs.org/emoji-regex/-/emoji-regex-8.0.0.tgz. Extracting by manifest.
597 silly tarball no local data for wrap-ansi@https://registry.npmjs.org/wrap-ansi/-/wrap-ansi-7.0.0.tgz. Extracting by manifest.
598 silly tarball no local data for strip-ansi@https://registry.npmjs.org/strip-ansi/-/strip-ansi-6.0.1.tgz. Extracting by manifest.
599 silly tarball no local data for yargs-parser@https://registry.npmjs.org/yargs-parser/-/yargs-parser-21.1.1.tgz. Extracting by manifest.
600 silly tarball no local data for y18n@https://registry.npmjs.org/y18n/-/y18n-5.0.8.tgz. Extracting by manifest.
601 silly tarball no local data for string-width@https://registry.npmjs.org/string-width/-/string-width-4.2.3.tgz. Extracting by manifest.
602 silly tarball no local data for require-directory@https://registry.npmjs.org/require-directory/-/require-directory-2.1.1.tgz. Extracting by manifest.
603 silly tarball no local data for cliui@https://registry.npmjs.org/cliui/-/cliui-8.0.1.tgz. Extracting by manifest.
604 silly tarball no local data for escalade@https://registry.npmjs.org/escalade/-/escalade-3.2.0.tgz. Extracting by manifest.
605 silly tarball no local data for get-caller-file@https://registry.npmjs.org/get-caller-file/-/get-caller-file-2.0.5.tgz. Extracting by manifest.
606 silly tarball no local data for safe-buffer@https://registry.npmjs.org/safe-buffer/-/safe-buffer-5.2.1.tgz. Extracting by manifest.
607 silly tarball no local data for websocket-extensions@https://registry.npmjs.org/websocket-extensions/-/websocket-extensions-0.1.4.tgz. Extracting by manifest.
608 silly tarball no local data for http-parser-js@https://registry.npmjs.org/http-parser-js/-/http-parser-js-0.5.9.tgz. Extracting by manifest.
609 silly tarball no local data for @protobufjs/utf8@https://registry.npmjs.org/@protobufjs/utf8/-/utf8-1.1.0.tgz. Extracting by manifest.
610 silly tarball no local data for @protobufjs/pool@https://registry.npmjs.org/@protobufjs/pool/-/pool-1.1.0.tgz. Extracting by manifest.
611 silly tarball no local data for @protobufjs/float@https://registry.npmjs.org/@protobufjs/float/-/float-1.0.2.tgz. Extracting by manifest.
612 silly tarball no local data for @protobufjs/inquire@https://registry.npmjs.org/@protobufjs/inquire/-/inquire-1.1.0.tgz. Extracting by manifest.
613 silly tarball no local data for @protobufjs/path@https://registry.npmjs.org/@protobufjs/path/-/path-1.1.2.tgz. Extracting by manifest.
614 silly tarball no local data for @protobufjs/eventemitter@https://registry.npmjs.org/@protobufjs/eventemitter/-/eventemitter-1.1.0.tgz. Extracting by manifest.
615 silly tarball no local data for @protobufjs/fetch@https://registry.npmjs.org/@protobufjs/fetch/-/fetch-1.1.0.tgz. Extracting by manifest.
616 silly tarball no local data for @protobufjs/codegen@https://registry.npmjs.org/@protobufjs/codegen/-/codegen-2.0.4.tgz. Extracting by manifest.
617 silly tarball no local data for @protobufjs/aspromise@https://registry.npmjs.org/@protobufjs/aspromise/-/aspromise-1.1.2.tgz. Extracting by manifest.
618 silly tarball no local data for @protobufjs/base64@https://registry.npmjs.org/@protobufjs/base64/-/base64-1.1.2.tgz. Extracting by manifest.
619 silly tarball no local data for websocket-driver@https://registry.npmjs.org/websocket-driver/-/websocket-driver-0.7.4.tgz. Extracting by manifest.
620 silly tarball no local data for yargs@https://registry.npmjs.org/yargs/-/yargs-17.7.2.tgz. Extracting by manifest.
621 silly tarball no local data for undici-types@https://registry.npmjs.org/undici-types/-/undici-types-6.20.0.tgz. Extracting by manifest.
622 silly tarball no local data for lodash.camelcase@https://registry.npmjs.org/lodash.camelcase/-/lodash.camelcase-4.3.0.tgz. Extracting by manifest.
623 silly tarball no local data for protobufjs@https://registry.npmjs.org/protobufjs/-/protobufjs-7.4.0.tgz. Extracting by manifest.
624 silly tarball no local data for long@https://registry.npmjs.org/long/-/long-5.2.4.tgz. Extracting by manifest.
625 silly tarball no local data for @types/node@https://registry.npmjs.org/@types/node/-/node-22.12.0.tgz. Extracting by manifest.
626 silly tarball no local data for @firebase/storage-types@https://registry.npmjs.org/@firebase/storage-types/-/storage-types-0.8.3.tgz. Extracting by manifest.
627 silly tarball no local data for @firebase/performance-types@https://registry.npmjs.org/@firebase/performance-types/-/performance-types-0.2.3.tgz. Extracting by manifest.
628 silly tarball no local data for @firebase/remote-config-types@https://registry.npmjs.org/@firebase/remote-config-types/-/remote-config-types-0.4.0.tgz. Extracting by manifest.
629 silly tarball no local data for @firebase/installations-types@https://registry.npmjs.org/@firebase/installations-types/-/installations-types-0.5.3.tgz. Extracting by manifest.
630 silly tarball no local data for @firebase/messaging-interop-types@https://registry.npmjs.org/@firebase/messaging-interop-types/-/messaging-interop-types-0.2.3.tgz. Extracting by manifest.
631 silly tarball no local data for @grpc/proto-loader@https://registry.npmjs.org/@grpc/proto-loader/-/proto-loader-0.7.13.tgz. Extracting by manifest.
632 silly tarball no local data for @firebase/firestore-types@https://registry.npmjs.org/@firebase/firestore-types/-/firestore-types-3.0.3.tgz. Extracting by manifest.
633 silly tarball no local data for @grpc/grpc-js@https://registry.npmjs.org/@grpc/grpc-js/-/grpc-js-1.9.15.tgz. Extracting by manifest.
634 silly tarball no local data for @firebase/webchannel-wrapper@https://registry.npmjs.org/@firebase/webchannel-wrapper/-/webchannel-wrapper-1.0.3.tgz. Extracting by manifest.
635 silly tarball no local data for @firebase/database-types@https://registry.npmjs.org/@firebase/database-types/-/database-types-1.0.8.tgz. Extracting by manifest.
636 silly tarball no local data for @firebase/functions-types@https://registry.npmjs.org/@firebase/functions-types/-/functions-types-0.6.3.tgz. Extracting by manifest.
637 silly tarball no local data for faye-websocket@https://registry.npmjs.org/faye-websocket/-/faye-websocket-0.11.4.tgz. Extracting by manifest.
638 silly tarball no local data for @firebase/auth-interop-types@https://registry.npmjs.org/@firebase/auth-interop-types/-/auth-interop-types-0.2.4.tgz. Extracting by manifest.
639 silly tarball no local data for @firebase/app-check-interop-types@https://registry.npmjs.org/@firebase/app-check-interop-types/-/app-check-interop-types-0.3.3.tgz. Extracting by manifest.
640 silly tarball no local data for @firebase/app-check-types@https://registry.npmjs.org/@firebase/app-check-types/-/app-check-types-0.5.3.tgz. Extracting by manifest.
641 silly tarball no local data for @firebase/auth-types@https://registry.npmjs.org/@firebase/auth-types/-/auth-types-0.12.3.tgz. Extracting by manifest.
642 silly tarball no local data for idb@https://registry.npmjs.org/idb/-/idb-7.1.1.tgz. Extracting by manifest.
643 silly tarball no local data for @firebase/analytics-types@https://registry.npmjs.org/@firebase/analytics-types/-/analytics-types-0.8.3.tgz. Extracting by manifest.
644 silly tarball no local data for tslib@https://registry.npmjs.org/tslib/-/tslib-2.8.1.tgz. Extracting by manifest.
645 silly tarball no local data for @firebase/component@https://registry.npmjs.org/@firebase/component/-/component-0.6.12.tgz. Extracting by manifest.
646 silly tarball no local data for @firebase/logger@https://registry.npmjs.org/@firebase/logger/-/logger-0.4.4.tgz. Extracting by manifest.
647 silly tarball no local data for @firebase/storage-compat@https://registry.npmjs.org/@firebase/storage-compat/-/storage-compat-0.3.15.tgz. Extracting by manifest.
648 silly tarball no local data for @firebase/util@https://registry.npmjs.org/@firebase/util/-/util-1.10.3.tgz. Extracting by manifest.
649 silly tarball no local data for @firebase/vertexai@https://registry.npmjs.org/@firebase/vertexai/-/vertexai-1.0.3.tgz. Extracting by manifest.
650 silly tarball no local data for @firebase/remote-config-compat@https://registry.npmjs.org/@firebase/remote-config-compat/-/remote-config-compat-0.2.12.tgz. Extracting by manifest.
651 silly tarball no local data for @firebase/storage@https://registry.npmjs.org/@firebase/storage/-/storage-0.13.5.tgz. Extracting by manifest.
652 silly tarball no local data for @firebase/performance@https://registry.npmjs.org/@firebase/performance/-/performance-0.6.12.tgz. Extracting by manifest.
653 silly tarball no local data for @firebase/remote-config@https://registry.npmjs.org/@firebase/remote-config/-/remote-config-0.5.0.tgz. Extracting by manifest.
654 silly tarball no local data for @firebase/performance-compat@https://registry.npmjs.org/@firebase/performance-compat/-/performance-compat-0.2.12.tgz. Extracting by manifest.
655 silly tarball no local data for @firebase/messaging-compat@https://registry.npmjs.org/@firebase/messaging-compat/-/messaging-compat-0.2.16.tgz. Extracting by manifest.
656 silly tarball no local data for @firebase/messaging@https://registry.npmjs.org/@firebase/messaging/-/messaging-0.12.16.tgz. Extracting by manifest.
657 silly tarball no local data for @firebase/functions-compat@https://registry.npmjs.org/@firebase/functions-compat/-/functions-compat-0.3.18.tgz. Extracting by manifest.
658 silly tarball no local data for @firebase/installations-compat@https://registry.npmjs.org/@firebase/installations-compat/-/installations-compat-0.2.12.tgz. Extracting by manifest.
659 silly tarball no local data for @firebase/installations@https://registry.npmjs.org/@firebase/installations/-/installations-0.6.12.tgz. Extracting by manifest.
660 silly tarball no local data for @firebase/functions@https://registry.npmjs.org/@firebase/functions/-/functions-0.12.1.tgz. Extracting by manifest.
661 silly tarball no local data for @firebase/firestore-compat@https://registry.npmjs.org/@firebase/firestore-compat/-/firestore-compat-0.3.41.tgz. Extracting by manifest.
662 silly tarball no local data for @firebase/firestore@https://registry.npmjs.org/@firebase/firestore/-/firestore-4.7.6.tgz. Extracting by manifest.
663 silly tarball no local data for @firebase/database-compat@https://registry.npmjs.org/@firebase/database-compat/-/database-compat-2.0.2.tgz. Extracting by manifest.
664 silly tarball no local data for @firebase/database@https://registry.npmjs.org/@firebase/database/-/database-1.0.11.tgz. Extracting by manifest.
665 silly tarball no local data for @firebase/data-connect@https://registry.npmjs.org/@firebase/data-connect/-/data-connect-0.2.0.tgz. Extracting by manifest.
666 silly tarball no local data for @firebase/app-check-compat@https://registry.npmjs.org/@firebase/app-check-compat/-/app-check-compat-0.3.18.tgz. Extracting by manifest.
667 silly tarball no local data for @firebase/auth-compat@https://registry.npmjs.org/@firebase/auth-compat/-/auth-compat-0.5.17.tgz. Extracting by manifest.
668 silly tarball no local data for @firebase/auth@https://registry.npmjs.org/@firebase/auth/-/auth-1.8.2.tgz. Extracting by manifest.
669 silly tarball no local data for @firebase/app-types@https://registry.npmjs.org/@firebase/app-types/-/app-types-0.9.3.tgz. Extracting by manifest.
670 silly tarball no local data for @firebase/app-compat@https://registry.npmjs.org/@firebase/app-compat/-/app-compat-0.2.48.tgz. Extracting by manifest.
671 silly tarball no local data for @firebase/app-check@https://registry.npmjs.org/@firebase/app-check/-/app-check-0.8.11.tgz. Extracting by manifest.
672 silly tarball no local data for @firebase/analytics-compat@https://registry.npmjs.org/@firebase/analytics-compat/-/analytics-compat-0.2.17.tgz. Extracting by manifest.
673 silly tarball no local data for @firebase/analytics@https://registry.npmjs.org/@firebase/analytics/-/analytics-0.10.11.tgz. Extracting by manifest.
674 silly tarball no local data for @firebase/app@https://registry.npmjs.org/@firebase/app/-/app-0.10.18.tgz. Extracting by manifest.
675 silly tarball no local data for firebase@https://registry.npmjs.org/firebase/-/firebase-11.2.0.tgz. Extracting by manifest.
676 http fetch GET 200 https://registry.npmjs.org/color-name/-/color-name-1.1.4.tgz 1156ms (cache miss)
677 http fetch GET 200 https://registry.npmjs.org/ansi-regex/-/ansi-regex-5.0.1.tgz 1161ms (cache miss)
678 http fetch GET 200 https://registry.npmjs.org/is-fullwidth-code-point/-/is-fullwidth-code-point-3.0.0.tgz 1161ms (cache miss)
679 http fetch GET 200 https://registry.npmjs.org/color-convert/-/color-convert-2.0.1.tgz 1174ms (cache miss)
680 http fetch GET 200 https://registry.npmjs.org/safe-buffer/-/safe-buffer-5.2.1.tgz 1204ms (cache miss)
681 http fetch GET 200 https://registry.npmjs.org/ansi-styles/-/ansi-styles-4.3.0.tgz 1264ms (cache miss)
682 http fetch GET 200 https://registry.npmjs.org/emoji-regex/-/emoji-regex-8.0.0.tgz 1259ms (cache miss)
683 http fetch GET 200 https://registry.npmjs.org/wrap-ansi/-/wrap-ansi-7.0.0.tgz 1260ms (cache miss)
684 http fetch GET 200 https://registry.npmjs.org/http-parser-js/-/http-parser-js-0.5.9.tgz 1240ms (cache miss)
685 http fetch GET 200 https://registry.npmjs.org/@protobufjs/eventemitter/-/eventemitter-1.1.0.tgz 1277ms (cache miss)
686 http fetch GET 200 https://registry.npmjs.org/@protobufjs/utf8/-/utf8-1.1.0.tgz 1335ms (cache miss)
687 http fetch GET 200 https://registry.npmjs.org/@protobufjs/aspromise/-/aspromise-1.1.2.tgz 1329ms (cache miss)
688 http fetch GET 200 https://registry.npmjs.org/websocket-extensions/-/websocket-extensions-0.1.4.tgz 1369ms (cache miss)
689 http fetch GET 200 https://registry.npmjs.org/@protobufjs/float/-/float-1.0.2.tgz 1366ms (cache miss)
690 http fetch GET 200 https://registry.npmjs.org/@protobufjs/inquire/-/inquire-1.1.0.tgz 1366ms (cache miss)
691 http fetch GET 200 https://registry.npmjs.org/@protobufjs/codegen/-/codegen-2.0.4.tgz 1363ms (cache miss)
692 http fetch GET 200 https://registry.npmjs.org/@protobufjs/pool/-/pool-1.1.0.tgz 1369ms (cache miss)
693 http fetch GET 200 https://registry.npmjs.org/@protobufjs/base64/-/base64-1.1.2.tgz 1502ms (cache miss)
694 http fetch GET 200 https://registry.npmjs.org/strip-ansi/-/strip-ansi-6.0.1.tgz 1553ms (cache miss)
695 http fetch GET 200 https://registry.npmjs.org/lodash.camelcase/-/lodash.camelcase-4.3.0.tgz 1520ms (cache miss)
696 http fetch GET 200 https://registry.npmjs.org/@protobufjs/path/-/path-1.1.2.tgz 1592ms (cache miss)
697 http fetch GET 200 https://registry.npmjs.org/string-width/-/string-width-4.2.3.tgz 1642ms (cache miss)
698 http fetch GET 200 https://registry.npmjs.org/@firebase/remote-config-types/-/remote-config-types-0.4.0.tgz 1643ms (cache miss)
699 http fetch GET 200 https://registry.npmjs.org/faye-websocket/-/faye-websocket-0.11.4.tgz 1676ms (cache miss)
700 http fetch GET 200 https://registry.npmjs.org/get-caller-file/-/get-caller-file-2.0.5.tgz 1755ms (cache miss)
701 http fetch GET 200 https://registry.npmjs.org/@firebase/storage-types/-/storage-types-0.8.3.tgz 1729ms (cache miss)
702 http fetch GET 200 https://registry.npmjs.org/@firebase/app-check-interop-types/-/app-check-interop-types-0.3.3.tgz 1712ms (cache miss)
703 http fetch GET 200 https://registry.npmjs.org/@firebase/messaging-interop-types/-/messaging-interop-types-0.2.3.tgz 1726ms (cache miss)
704 http fetch GET 200 https://registry.npmjs.org/@firebase/app-check-types/-/app-check-types-0.5.3.tgz 1708ms (cache miss)
705 http fetch GET 200 https://registry.npmjs.org/@firebase/firestore-types/-/firestore-types-3.0.3.tgz 1734ms (cache miss)
706 http fetch GET 200 https://registry.npmjs.org/@firebase/auth-interop-types/-/auth-interop-types-0.2.4.tgz 1728ms (cache miss)
707 http fetch GET 200 https://registry.npmjs.org/@firebase/installations-types/-/installations-types-0.5.3.tgz 1783ms (cache miss)
708 http fetch GET 200 https://registry.npmjs.org/@protobufjs/fetch/-/fetch-1.1.0.tgz 1833ms (cache miss)
709 http fetch GET 200 https://registry.npmjs.org/require-directory/-/require-directory-2.1.1.tgz 1857ms (cache miss)
710 http fetch GET 200 https://registry.npmjs.org/@firebase/remote-config-compat/-/remote-config-compat-0.2.12.tgz 1821ms (cache miss)
711 http fetch GET 200 https://registry.npmjs.org/@firebase/functions-compat/-/functions-compat-0.3.18.tgz 1890ms (cache miss)
712 http fetch GET 200 https://registry.npmjs.org/@firebase/database-types/-/database-types-1.0.8.tgz 1959ms (cache miss)
713 http fetch GET 200 https://registry.npmjs.org/@firebase/functions-types/-/functions-types-0.6.3.tgz 1962ms (cache miss)
714 http fetch GET 200 https://registry.npmjs.org/@firebase/app-check-compat/-/app-check-compat-0.3.18.tgz 1990ms (cache miss)
715 http fetch GET 200 https://registry.npmjs.org/cliui/-/cliui-8.0.1.tgz 2097ms (cache miss)
716 http fetch GET 200 https://registry.npmjs.org/long/-/long-5.2.4.tgz 2076ms (cache miss)
717 http fetch GET 200 https://registry.npmjs.org/@firebase/analytics-types/-/analytics-types-0.8.3.tgz 2059ms (cache miss)
718 http fetch GET 200 https://registry.npmjs.org/y18n/-/y18n-5.0.8.tgz 2149ms (cache miss)
719 http fetch GET 200 https://registry.npmjs.org/escalade/-/escalade-3.2.0.tgz 2163ms (cache miss)
720 http fetch GET 200 https://registry.npmjs.org/@firebase/performance-types/-/performance-types-0.2.3.tgz 2185ms (cache miss)
721 http fetch GET 200 https://registry.npmjs.org/yargs-parser/-/yargs-parser-21.1.1.tgz 2567ms (cache miss)
722 http fetch GET 200 https://registry.npmjs.org/@firebase/app-types/-/app-types-0.9.3.tgz 2583ms (cache miss)
723 http fetch GET 200 https://registry.npmjs.org/@firebase/logger/-/logger-0.4.4.tgz 2794ms (cache miss)
724 http fetch GET 200 https://registry.npmjs.org/@grpc/proto-loader/-/proto-loader-0.7.13.tgz 2849ms (cache miss)
725 http fetch GET 200 https://registry.npmjs.org/@firebase/messaging-compat/-/messaging-compat-0.2.16.tgz 2865ms (cache miss)
726 http fetch GET 200 https://registry.npmjs.org/websocket-driver/-/websocket-driver-0.7.4.tgz 2932ms (cache miss)
727 http fetch GET 200 https://registry.npmjs.org/@firebase/auth-types/-/auth-types-0.12.3.tgz 2897ms (cache miss)
728 http fetch GET 200 https://registry.npmjs.org/tslib/-/tslib-2.8.1.tgz 2895ms (cache miss)
729 http fetch GET 200 https://registry.npmjs.org/@firebase/performance-compat/-/performance-compat-0.2.12.tgz 2902ms (cache miss)
730 http fetch GET 200 https://registry.npmjs.org/@firebase/analytics-compat/-/analytics-compat-0.2.17.tgz 2966ms (cache miss)
731 http fetch GET 200 https://registry.npmjs.org/idb/-/idb-7.1.1.tgz 3107ms (cache miss)
732 http fetch GET 200 https://registry.npmjs.org/@firebase/webchannel-wrapper/-/webchannel-wrapper-1.0.3.tgz 3563ms (cache miss)
733 http fetch GET 200 https://registry.npmjs.org/@firebase/installations-compat/-/installations-compat-0.2.12.tgz 3601ms (cache miss)
734 http fetch GET 200 https://registry.npmjs.org/@firebase/component/-/component-0.6.12.tgz 3728ms (cache miss)
735 http fetch GET 200 https://registry.npmjs.org/@firebase/storage-compat/-/storage-compat-0.3.15.tgz 4307ms (cache miss)
736 http fetch GET 200 https://registry.npmjs.org/undici-types/-/undici-types-6.20.0.tgz 4423ms (cache miss)
737 http fetch GET 200 https://registry.npmjs.org/@firebase/functions/-/functions-0.12.1.tgz 4555ms (cache miss)
738 http fetch GET 200 https://registry.npmjs.org/@firebase/app-compat/-/app-compat-0.2.48.tgz 5930ms (cache miss)
739 http fetch GET 200 https://registry.npmjs.org/yargs/-/yargs-17.7.2.tgz 6122ms (cache miss)
740 http fetch GET 200 https://registry.npmjs.org/@firebase/analytics/-/analytics-0.10.11.tgz 6716ms (cache miss)
741 http fetch GET 200 https://registry.npmjs.org/@firebase/app/-/app-0.10.18.tgz 6824ms (cache miss)
742 http fetch GET 200 https://registry.npmjs.org/@firebase/data-connect/-/data-connect-0.2.0.tgz 6933ms (cache miss)
743 http fetch GET 200 https://registry.npmjs.org/@firebase/remote-config/-/remote-config-0.5.0.tgz 6972ms (cache miss)
744 http fetch GET 200 https://registry.npmjs.org/@firebase/app-check/-/app-check-0.8.11.tgz 7086ms (cache miss)
745 http fetch GET 200 https://registry.npmjs.org/@firebase/auth-compat/-/auth-compat-0.5.17.tgz 7523ms (cache miss)
746 http fetch GET 200 https://registry.npmjs.org/@firebase/performance/-/performance-0.6.12.tgz 7562ms (cache miss)
747 http fetch GET 200 https://registry.npmjs.org/@firebase/util/-/util-1.10.3.tgz 7607ms (cache miss)
748 http fetch GET 200 https://registry.npmjs.org/@types/node/-/node-22.12.0.tgz 7665ms (cache miss)
749 http fetch GET 200 https://registry.npmjs.org/@firebase/vertexai/-/vertexai-1.0.3.tgz 7667ms (cache miss)
750 http fetch GET 200 https://registry.npmjs.org/@firebase/firestore-compat/-/firestore-compat-0.3.41.tgz 7669ms (cache miss)
751 http fetch GET 200 https://registry.npmjs.org/@firebase/installations/-/installations-0.6.12.tgz 7752ms (cache miss)
752 http fetch GET 200 https://registry.npmjs.org/@firebase/database-compat/-/database-compat-2.0.2.tgz 7966ms (cache miss)
753 http fetch GET 200 https://registry.npmjs.org/protobufjs/-/protobufjs-7.4.0.tgz 8199ms (cache miss)
754 http fetch GET 200 https://registry.npmjs.org/@firebase/messaging/-/messaging-0.12.16.tgz 8436ms (cache miss)
755 http fetch GET 200 https://registry.npmjs.org/@firebase/storage/-/storage-0.13.5.tgz 8591ms (cache miss)
756 http fetch GET 200 https://registry.npmjs.org/@firebase/database/-/database-1.0.11.tgz 10222ms (cache miss)
757 http fetch GET 200 https://registry.npmjs.org/@grpc/grpc-js/-/grpc-js-1.9.15.tgz 11122ms (cache miss)
758 http fetch GET 200 https://registry.npmjs.org/@firebase/firestore/-/firestore-4.7.6.tgz 17907ms (cache miss)
759 http fetch GET 200 https://registry.npmjs.org/@firebase/auth/-/auth-1.8.2.tgz 28468ms (cache miss)
760 http fetch GET 200 https://registry.npmjs.org/firebase/-/firebase-11.2.0.tgz 30744ms (cache miss)
761 info run protobufjs@7.4.0 postinstall node_modules/protobufjs node scripts/postinstall
762 info run protobufjs@7.4.0 postinstall { code: 0, signal: null }
763 silly ADD node_modules/color-name
764 silly ADD node_modules/color-convert
765 silly ADD node_modules/ansi-styles
766 silly ADD node_modules/ansi-regex
767 silly ADD node_modules/is-fullwidth-code-point
768 silly ADD node_modules/emoji-regex
769 silly ADD node_modules/wrap-ansi
770 silly ADD node_modules/strip-ansi
771 silly ADD node_modules/yargs-parser
772 silly ADD node_modules/y18n
773 silly ADD node_modules/string-width
774 silly ADD node_modules/require-directory
775 silly ADD node_modules/get-caller-file
776 silly ADD node_modules/escalade
777 silly ADD node_modules/cliui
778 silly ADD node_modules/websocket-extensions
779 silly ADD node_modules/safe-buffer
780 silly ADD node_modules/http-parser-js
781 silly ADD node_modules/@protobufjs/utf8
782 silly ADD node_modules/@protobufjs/pool
783 silly ADD node_modules/@protobufjs/path
784 silly ADD node_modules/@protobufjs/inquire
785 silly ADD node_modules/@protobufjs/float
786 silly ADD node_modules/@protobufjs/fetch
787 silly ADD node_modules/@protobufjs/eventemitter
788 silly ADD node_modules/@protobufjs/codegen
789 silly ADD node_modules/@protobufjs/base64
790 silly ADD node_modules/@protobufjs/aspromise
791 silly ADD node_modules/websocket-driver
792 silly ADD node_modules/undici-types
793 silly ADD node_modules/yargs
794 silly ADD node_modules/protobufjs
795 silly ADD node_modules/long
796 silly ADD node_modules/lodash.camelcase
797 silly ADD node_modules/@types/node
798 silly ADD node_modules/@firebase/storage-types
799 silly ADD node_modules/@firebase/remote-config-types
800 silly ADD node_modules/@firebase/performance-types
801 silly ADD node_modules/@firebase/installations-types
802 silly ADD node_modules/@firebase/functions-types
803 silly ADD node_modules/@firebase/messaging-interop-types
804 silly ADD node_modules/@firebase/firestore-types
805 silly ADD node_modules/@grpc/proto-loader
806 silly ADD node_modules/@grpc/grpc-js
807 silly ADD node_modules/@firebase/webchannel-wrapper
808 silly ADD node_modules/@firebase/database-types
809 silly ADD node_modules/faye-websocket
810 silly ADD node_modules/@firebase/app-check-interop-types
811 silly ADD node_modules/@firebase/auth-interop-types
812 silly ADD node_modules/@firebase/auth-types
813 silly ADD node_modules/@firebase/app-check-types
814 silly ADD node_modules/idb
815 silly ADD node_modules/@firebase/analytics-types
816 silly ADD node_modules/tslib
817 silly ADD node_modules/@firebase/logger
818 silly ADD node_modules/@firebase/component
819 silly ADD node_modules/@firebase/vertexai
820 silly ADD node_modules/@firebase/util
821 silly ADD node_modules/@firebase/storage-compat
822 silly ADD node_modules/@firebase/storage
823 silly ADD node_modules/@firebase/remote-config-compat
824 silly ADD node_modules/@firebase/remote-config
825 silly ADD node_modules/@firebase/performance-compat
826 silly ADD node_modules/@firebase/performance
827 silly ADD node_modules/@firebase/messaging-compat
828 silly ADD node_modules/@firebase/messaging
829 silly ADD node_modules/@firebase/installations-compat
830 silly ADD node_modules/@firebase/installations
831 silly ADD node_modules/@firebase/functions-compat
832 silly ADD node_modules/@firebase/functions
833 silly ADD node_modules/@firebase/firestore-compat
834 silly ADD node_modules/@firebase/firestore
835 silly ADD node_modules/@firebase/database-compat
836 silly ADD node_modules/@firebase/database
837 silly ADD node_modules/@firebase/data-connect
838 silly ADD node_modules/@firebase/auth-compat
839 silly ADD node_modules/@firebase/auth
840 silly ADD node_modules/@firebase/app-types
841 silly ADD node_modules/@firebase/app-check-compat
842 silly ADD node_modules/@firebase/app-check
843 silly ADD node_modules/@firebase/app-compat
844 silly ADD node_modules/@firebase/analytics-compat
845 silly ADD node_modules/@firebase/app
846 silly ADD node_modules/@firebase/analytics
847 silly ADD node_modules/firebase
848 silly REMOVE node_modules/swiper
849 verbose cwd E:\UKK\InfinityPlayground
850 verbose os Windows_NT 10.0.22631
851 verbose node v20.17.0
852 verbose npm  v10.9.2
853 notice
853 notice New [31mmajor[39m version of npm available! [31m10.9.2[39m -> [34m11.0.0[39m
853 notice Changelog: [34mhttps://github.com/npm/cli/releases/tag/v11.0.0[39m
853 notice To update run: [4mnpm install -g npm@11.0.0[24m
853 notice  { force: true, [Symbol(proc-log.meta)]: true }
854 verbose exit 0
855 info ok
